c:\users\boseul\documents\github\ninetailengine\ninetailengine\ninetailengine\render\debug\vc120.pdb
c:\users\boseul\documents\github\ninetailengine\ninetailengine\ninetailengine\render\debug\vc120.idb
c:\users\boseul\documents\github\ninetailengine\ninetailengine\ninetailengine\render\debug\stdafx.obj
c:\users\boseul\documents\github\ninetailengine\ninetailengine\ninetailengine\render\debug\render.obj
c:\users\boseul\documents\github\ninetailengine\ninetailengine\ninetailengine\render\debug\render.pch
c:\users\boseul\documents\github\ninetailengine\ninetailengine\ninetailengine\render\debug\meshrenderer.obj
c:\users\boseul\documents\github\ninetailengine\ninetailengine\ninetailengine\render\debug\view.obj
c:\users\boseul\documents\github\ninetailengine\ninetailengine\ninetailengine\render\debug\applicationcontext.obj
c:\users\boseul\documents\github\ninetailengine\ninetailengine\ninetailengine\render\debug\mesh_renderer.obj
c:\users\boseul\documents\github\ninetailengine\ninetailengine\ninetailengine\render\debug\create_device.obj
c:\users\boseul\documents\github\ninetailengine\ninetailengine\ninetailengine\render\debug\createwindowgl.obj
c:\users\boseul\documents\github\ninetailengine\ninetailengine\ninetailengine\debug\render.lib
c:\users\boseul\documents\github\ninetailengine\ninetailengine\ninetailengine\debug\render.exp
c:\users\boseul\documents\github\ninetailengine\ninetailengine\ninetailengine\debug\render.pdb
c:\users\boseul\documents\github\ninetailengine\ninetailengine\ninetailengine\debug\render.ilk
c:\users\boseul\documents\github\ninetailengine\ninetailengine\ninetailengine\render\debug\render.tlog\cl.command.1.tlog
c:\users\boseul\documents\github\ninetailengine\ninetailengine\ninetailengine\render\debug\render.tlog\cl.read.1.tlog
c:\users\boseul\documents\github\ninetailengine\ninetailengine\ninetailengine\render\debug\render.tlog\cl.write.1.tlog
c:\users\boseul\documents\github\ninetailengine\ninetailengine\ninetailengine\render\debug\render.tlog\lib-link.read.1.tlog
c:\users\boseul\documents\github\ninetailengine\ninetailengine\ninetailengine\render\debug\render.tlog\lib-link.write.1.tlog
c:\users\boseul\documents\github\ninetailengine\ninetailengine\ninetailengine\render\debug\render.tlog\lib.command.1.tlog
c:\users\boseul\documents\github\ninetailengine\ninetailengine\ninetailengine\render\debug\render.tlog\link.command.1.tlog
c:\users\boseul\documents\github\ninetailengine\ninetailengine\ninetailengine\render\debug\render.tlog\link.read.1.tlog
c:\users\boseul\documents\github\ninetailengine\ninetailengine\ninetailengine\render\debug\render.tlog\link.write.1.tlog
c:\users\boseul\documents\github\ninetailengine\ninetailengine\ninetailengine\render\debug\render.tlog\render.write.1u.tlog
