c:\users\boseul\documents\github\ninetailengine\engine\helloworld\debug\vc120.pdb
c:\users\boseul\documents\github\ninetailengine\engine\helloworld\debug\vc120.idb
c:\users\boseul\documents\github\ninetailengine\engine\helloworld\debug\helloworldwin32.obj
c:\users\boseul\documents\github\ninetailengine\engine\helloworld\debug\application.obj
c:\users\boseul\documents\github\ninetailengine\engine\helloworld\debug\windowsystem.obj
c:\users\boseul\documents\github\ninetailengine\engine\helloworld\debug\system.obj
c:\users\boseul\documents\github\ninetailengine\engine\helloworld\debug\helloworld.vcxprojresolveassemblyreference.cache
c:\users\boseul\documents\github\ninetailengine\engine\helloworld\\..\..\build\debug\helloworld.pdb
c:\users\boseul\documents\github\ninetailengine\engine\helloworld\debug\helloworld.tlog\cl.command.1.tlog
c:\users\boseul\documents\github\ninetailengine\engine\helloworld\debug\helloworld.tlog\cl.read.1.tlog
c:\users\boseul\documents\github\ninetailengine\engine\helloworld\debug\helloworld.tlog\cl.write.1.tlog
c:\users\boseul\documents\github\ninetailengine\engine\helloworld\debug\helloworld.tlog\helloworld.write.1u.tlog
c:\users\boseul\documents\github\ninetailengine\engine\helloworld\debug\helloworld.tlog\link-cvtres.read.1.tlog
c:\users\boseul\documents\github\ninetailengine\engine\helloworld\debug\helloworld.tlog\link-cvtres.write.1.tlog
c:\users\boseul\documents\github\ninetailengine\engine\helloworld\debug\helloworld.tlog\link-rc.read.1.tlog
c:\users\boseul\documents\github\ninetailengine\engine\helloworld\debug\helloworld.tlog\link-rc.write.1.tlog
c:\users\boseul\documents\github\ninetailengine\engine\helloworld\debug\helloworld.tlog\link.62260-cvtres.read.1.tlog
c:\users\boseul\documents\github\ninetailengine\engine\helloworld\debug\helloworld.tlog\link.62260-cvtres.write.1.tlog
c:\users\boseul\documents\github\ninetailengine\engine\helloworld\debug\helloworld.tlog\link.62260-rc.read.1.tlog
c:\users\boseul\documents\github\ninetailengine\engine\helloworld\debug\helloworld.tlog\link.62260-rc.write.1.tlog
c:\users\boseul\documents\github\ninetailengine\engine\helloworld\debug\helloworld.tlog\link.62260.read.1.tlog
c:\users\boseul\documents\github\ninetailengine\engine\helloworld\debug\helloworld.tlog\link.62260.write.1.tlog
c:\users\boseul\documents\github\ninetailengine\engine\helloworld\debug\helloworld.tlog\link.command.1.tlog
c:\users\boseul\documents\github\ninetailengine\engine\helloworld\debug\helloworld.tlog\link.read.1.tlog
c:\users\boseul\documents\github\ninetailengine\engine\helloworld\debug\helloworld.tlog\link.write.1.tlog
