c:\users\boseul\documents\github\ninetailengine\engine\source\developer\windowsapplication\debug\vc120.pdb
c:\users\boseul\documents\github\ninetailengine\engine\source\developer\windowsapplication\debug\windowsystem.obj
c:\users\boseul\documents\github\ninetailengine\engine\source\developer\windowsapplication\debug\windowsapplication.obj
c:\users\boseul\documents\github\ninetailengine\engine\source\developer\windowsapplication\debug\assemblyinfo.obj
c:\users\boseul\documents\github\ninetailengine\engine\source\developer\windowsapplication\debug\.netframework,version=v4.5.assemblyattributes.obj
c:\users\boseul\documents\github\ninetailengine\engine\source\developer\windowsapplication\debug\app.res
c:\users\boseul\documents\github\ninetailengine\engine\source\developer\windowsapplication\debug\windowsa.993dcddd.tlog\cl.command.1.tlog
c:\users\boseul\documents\github\ninetailengine\engine\source\developer\windowsapplication\debug\windowsa.993dcddd.tlog\cl.read.1.tlog
c:\users\boseul\documents\github\ninetailengine\engine\source\developer\windowsapplication\debug\windowsa.993dcddd.tlog\cl.write.1.tlog
c:\users\boseul\documents\github\ninetailengine\engine\source\developer\windowsapplication\debug\windowsa.993dcddd.tlog\link.15596-cvtres.read.1.tlog
c:\users\boseul\documents\github\ninetailengine\engine\source\developer\windowsapplication\debug\windowsa.993dcddd.tlog\link.15596-cvtres.write.1.tlog
c:\users\boseul\documents\github\ninetailengine\engine\source\developer\windowsapplication\debug\windowsa.993dcddd.tlog\link.15596-rc.read.1.tlog
c:\users\boseul\documents\github\ninetailengine\engine\source\developer\windowsapplication\debug\windowsa.993dcddd.tlog\link.15596-rc.write.1.tlog
c:\users\boseul\documents\github\ninetailengine\engine\source\developer\windowsapplication\debug\windowsa.993dcddd.tlog\link.15596.read.1.tlog
c:\users\boseul\documents\github\ninetailengine\engine\source\developer\windowsapplication\debug\windowsa.993dcddd.tlog\link.15596.write.1.tlog
c:\users\boseul\documents\github\ninetailengine\engine\source\developer\windowsapplication\debug\windowsa.993dcddd.tlog\link.17492-cvtres.read.1.tlog
c:\users\boseul\documents\github\ninetailengine\engine\source\developer\windowsapplication\debug\windowsa.993dcddd.tlog\link.17492-cvtres.write.1.tlog
c:\users\boseul\documents\github\ninetailengine\engine\source\developer\windowsapplication\debug\windowsa.993dcddd.tlog\link.17492-rc.read.1.tlog
c:\users\boseul\documents\github\ninetailengine\engine\source\developer\windowsapplication\debug\windowsa.993dcddd.tlog\link.17492-rc.write.1.tlog
c:\users\boseul\documents\github\ninetailengine\engine\source\developer\windowsapplication\debug\windowsa.993dcddd.tlog\link.17492.read.1.tlog
c:\users\boseul\documents\github\ninetailengine\engine\source\developer\windowsapplication\debug\windowsa.993dcddd.tlog\link.17492.write.1.tlog
c:\users\boseul\documents\github\ninetailengine\engine\source\developer\windowsapplication\debug\windowsa.993dcddd.tlog\link.command.1.tlog
c:\users\boseul\documents\github\ninetailengine\engine\source\developer\windowsapplication\debug\windowsa.993dcddd.tlog\link.read.1.tlog
c:\users\boseul\documents\github\ninetailengine\engine\source\developer\windowsapplication\debug\windowsa.993dcddd.tlog\link.write.1.tlog
c:\users\boseul\documents\github\ninetailengine\engine\source\developer\windowsapplication\debug\windowsa.993dcddd.tlog\metagen.read.1.tlog
c:\users\boseul\documents\github\ninetailengine\engine\source\developer\windowsapplication\debug\windowsa.993dcddd.tlog\metagen.write.1.tlog
c:\users\boseul\documents\github\ninetailengine\engine\source\developer\windowsapplication\debug\windowsa.993dcddd.tlog\rc.command.1.tlog
c:\users\boseul\documents\github\ninetailengine\engine\source\developer\windowsapplication\debug\windowsa.993dcddd.tlog\rc.read.1.tlog
c:\users\boseul\documents\github\ninetailengine\engine\source\developer\windowsapplication\debug\windowsa.993dcddd.tlog\rc.write.1.tlog
c:\users\boseul\documents\github\ninetailengine\engine\source\developer\windowsapplication\debug\windowsa.993dcddd.tlog\tzres.dll.bi
