c:\users\boseul\documents\github\ninetailengine\engine\render\debug\vc120.pdb
c:\users\boseul\documents\github\ninetailengine\engine\render\debug\vc120.idb
c:\users\boseul\documents\github\ninetailengine\engine\render\debug\render.pch
c:\users\boseul\documents\github\ninetailengine\engine\render\debug\modelparser.obj
c:\users\boseul\documents\github\ninetailengine\engine\render\debug\renderer.obj
c:\users\boseul\documents\github\ninetailengine\engine\render\debug\meshobject.obj
c:\users\boseul\documents\github\ninetailengine\engine\render\debug\graphics.obj
c:\users\boseul\documents\github\ninetailengine\engine\render\debug\matrix.obj
c:\users\boseul\documents\github\ninetailengine\engine\render\debug\shader.obj
c:\users\boseul\documents\github\ninetailengine\engine\render\debug\createdeviced3dx.obj
c:\users\boseul\documents\github\ninetailengine\engine\render\debug\created3d11.obj
c:\users\boseul\documents\github\ninetailengine\engine\render\debug\created3d9.obj
c:\users\boseul\documents\github\ninetailengine\engine\render\debug\d3d11renderer.obj
c:\users\boseul\documents\github\ninetailengine\engine\render\debug\textureclass.obj
c:\users\boseul\documents\github\ninetailengine\engine\render\debug\objloader.obj
c:\users\boseul\documents\github\ninetailengine\engine\render\debug\d3dobjmesh.obj
c:\users\boseul\documents\github\ninetailengine\engine\render\debug\objmeshobject.obj
c:\users\boseul\documents\github\ninetailengine\engine\render\debug\xmeshobject.obj
c:\users\boseul\documents\github\ninetailengine\build\debug\render.lib
c:\users\boseul\documents\github\ninetailengine\engine\render\debug\render.vcxprojresolveassemblyreference.cache
c:\users\boseul\documents\github\ninetailengine\engine\render\debug\message.obj
c:\users\boseul\documents\github\ninetailengine\engine\render\debug\messagedispatch.obj
c:\users\boseul\documents\github\ninetailengine\engine\render\\..\..\build\debug\render.lib
c:\users\boseul\documents\github\ninetailengine\engine\render\debug\render.tlog\cl.command.1.tlog
c:\users\boseul\documents\github\ninetailengine\engine\render\debug\render.tlog\cl.read.1.tlog
c:\users\boseul\documents\github\ninetailengine\engine\render\debug\render.tlog\cl.write.1.tlog
c:\users\boseul\documents\github\ninetailengine\engine\render\debug\render.tlog\lib-link.read.1.tlog
c:\users\boseul\documents\github\ninetailengine\engine\render\debug\render.tlog\lib-link.write.1.tlog
c:\users\boseul\documents\github\ninetailengine\engine\render\debug\render.tlog\lib.command.1.tlog
